[INFO] Scanning for projects...
[WARNING] 
[WARNING] Some problems were encountered while building the effective model for com.selimhorri:api-gateway:jar:0.1.0
[WARNING] 'dependencies.dependency.(groupId:artifactId:type:classifier)' must be unique: org.springframework.boot:spring-boot-starter-test:jar -> duplicate declaration of version (?) @ com.selimhorri:ecommerce-microservice-backend:0.1.0, /home/danna/Desktop/2.Ingesoft/ecommerce-microservice-backend-app/pom.xml, line 69, column 15
[WARNING] 
[WARNING] It is highly recommended to fix these problems because they threaten the stability of your build.
[WARNING] 
[WARNING] For this reason, future Maven versions might no longer support building such malformed projects.
[WARNING] 
[INFO] 
[INFO] ---------------------< com.selimhorri:api-gateway >---------------------
[INFO] Building api-gateway 0.1.0
[INFO] --------------------------------[ jar ]---------------------------------
[INFO] 
[INFO] >>> spring-boot-maven-plugin:2.5.7:run (default-cli) > test-compile @ api-gateway >>>
[INFO] 
[INFO] --- maven-resources-plugin:3.2.0:resources (default-resources) @ api-gateway ---
[INFO] Using 'UTF-8' encoding to copy filtered resources.
[INFO] Using 'UTF-8' encoding to copy filtered properties files.
[INFO] Copying 4 resources
[INFO] Copying 0 resource
[INFO] 
[INFO] --- maven-compiler-plugin:3.8.1:compile (default-compile) @ api-gateway ---
[INFO] Nothing to compile - all classes are up to date
[INFO] 
[INFO] --- maven-resources-plugin:3.2.0:testResources (default-testResources) @ api-gateway ---
[INFO] Using 'UTF-8' encoding to copy filtered resources.
[INFO] Using 'UTF-8' encoding to copy filtered properties files.
[INFO] skip non existing resourceDirectory /home/danna/Desktop/2.Ingesoft/ecommerce-microservice-backend-app/api-gateway/src/test/resources
[INFO] 
[INFO] --- maven-compiler-plugin:3.8.1:testCompile (default-testCompile) @ api-gateway ---
[INFO] Nothing to compile - all classes are up to date
[INFO] 
[INFO] <<< spring-boot-maven-plugin:2.5.7:run (default-cli) < test-compile @ api-gateway <<<
[INFO] 
[INFO] 
[INFO] --- spring-boot-maven-plugin:2.5.7:run (default-cli) @ api-gateway ---
[INFO] Attaching agents: []
20:08:42.557 [Thread-0] DEBUG org.springframework.boot.devtools.restart.classloader.RestartClassLoader - Created RestartClassLoader org.springframework.boot.devtools.restart.classloader.RestartClassLoader@55449d61

  .   ____          _            __ _ _
 /\\ / ___'_ __ _ _(_)_ __  __ _ \ \ \ \
( ( )\___ | '_ | '_| | '_ \/ _` | \ \ \ \
 \\/  ___)| |_)| | | | | || (_| |  ) ) ) )
  '  |____| .__|_| |_|_| |_\__, | / / / /
 =========|_|==============|___/=/_/_/_/
 :: Spring Boot ::                (v2.5.7)

2025-11-04 20:08:45.308  INFO [API-GATEWAY,,] 109980 --- [  restartedMain] c.selimhorri.app.ApiGatewayApplication   : Starting ApiGatewayApplication using Java 17.0.16 on danna with PID 109980 (/home/danna/Desktop/2.Ingesoft/ecommerce-microservice-backend-app/api-gateway/target/classes started by danna in /home/danna/Desktop/2.Ingesoft/ecommerce-microservice-backend-app/api-gateway)
2025-11-04 20:08:45.310  INFO [API-GATEWAY,,] 109980 --- [  restartedMain] c.selimhorri.app.ApiGatewayApplication   : The following profiles are active: dev
2025-11-04 20:08:45.885  INFO [API-GATEWAY,,] 109980 --- [  restartedMain] o.s.b.context.config.ConfigDataLoader    : Fetching config from server at : http://localhost:9296
2025-11-04 20:08:45.886  INFO [API-GATEWAY,,] 109980 --- [  restartedMain] o.s.b.context.config.ConfigDataLoader    : Located environment: name=API-GATEWAY, profiles=[dev], label=null, version=be46dd4bca5b2663375456c55304bb492c408a4f, state=null
2025-11-04 20:08:45.890  INFO [API-GATEWAY,,] 109980 --- [  restartedMain] .e.DevToolsPropertyDefaultsPostProcessor : Devtools property defaults active! Set 'spring.devtools.add-properties' to 'false' to disable
2025-11-04 20:08:45.890  INFO [API-GATEWAY,,] 109980 --- [  restartedMain] .e.DevToolsPropertyDefaultsPostProcessor : For additional web related logging consider setting the 'logging.level.web' property to 'DEBUG'
2025-11-04 20:08:50.012  INFO [API-GATEWAY,,] 109980 --- [  restartedMain] o.s.cloud.context.scope.GenericScope     : BeanFactory id=ea5d4ea7-1b10-3891-931a-952f73d7d054
2025-11-04 20:08:51.059  INFO [API-GATEWAY,,] 109980 --- [  restartedMain] trationDelegate$BeanPostProcessorChecker : Bean 'org.springframework.cloud.client.loadbalancer.reactive.LoadBalancerBeanPostProcessorAutoConfiguration' of type [org.springframework.cloud.client.loadbalancer.reactive.LoadBalancerBeanPostProcessorAutoConfiguration] is not eligible for getting processed by all BeanPostProcessors (for example: not eligible for auto-proxying)
2025-11-04 20:08:51.070  INFO [API-GATEWAY,,] 109980 --- [  restartedMain] trationDelegate$BeanPostProcessorChecker : Bean 'org.springframework.cloud.client.loadbalancer.reactive.LoadBalancerBeanPostProcessorAutoConfiguration$ReactorDeferringLoadBalancerFilterConfig' of type [org.springframework.cloud.client.loadbalancer.reactive.LoadBalancerBeanPostProcessorAutoConfiguration$ReactorDeferringLoadBalancerFilterConfig] is not eligible for getting processed by all BeanPostProcessors (for example: not eligible for auto-proxying)
2025-11-04 20:08:51.079  INFO [API-GATEWAY,,] 109980 --- [  restartedMain] trationDelegate$BeanPostProcessorChecker : Bean 'reactorDeferringLoadBalancerExchangeFilterFunction' of type [org.springframework.cloud.client.loadbalancer.reactive.DeferringLoadBalancerExchangeFilterFunction] is not eligible for getting processed by all BeanPostProcessors (for example: not eligible for auto-proxying)
2025-11-04 20:08:55.072  INFO [API-GATEWAY,,] 109980 --- [  restartedMain] o.s.c.g.r.RouteDefinitionRouteLocator    : Loaded RoutePredicateFactory [After]
2025-11-04 20:08:55.073  INFO [API-GATEWAY,,] 109980 --- [  restartedMain] o.s.c.g.r.RouteDefinitionRouteLocator    : Loaded RoutePredicateFactory [Before]
2025-11-04 20:08:55.073  INFO [API-GATEWAY,,] 109980 --- [  restartedMain] o.s.c.g.r.RouteDefinitionRouteLocator    : Loaded RoutePredicateFactory [Between]
2025-11-04 20:08:55.073  INFO [API-GATEWAY,,] 109980 --- [  restartedMain] o.s.c.g.r.RouteDefinitionRouteLocator    : Loaded RoutePredicateFactory [Cookie]
2025-11-04 20:08:55.074  INFO [API-GATEWAY,,] 109980 --- [  restartedMain] o.s.c.g.r.RouteDefinitionRouteLocator    : Loaded RoutePredicateFactory [Header]
2025-11-04 20:08:55.074  INFO [API-GATEWAY,,] 109980 --- [  restartedMain] o.s.c.g.r.RouteDefinitionRouteLocator    : Loaded RoutePredicateFactory [Host]
2025-11-04 20:08:55.074  INFO [API-GATEWAY,,] 109980 --- [  restartedMain] o.s.c.g.r.RouteDefinitionRouteLocator    : Loaded RoutePredicateFactory [Method]
2025-11-04 20:08:55.075  INFO [API-GATEWAY,,] 109980 --- [  restartedMain] o.s.c.g.r.RouteDefinitionRouteLocator    : Loaded RoutePredicateFactory [Path]
2025-11-04 20:08:55.075  INFO [API-GATEWAY,,] 109980 --- [  restartedMain] o.s.c.g.r.RouteDefinitionRouteLocator    : Loaded RoutePredicateFactory [Query]
2025-11-04 20:08:55.075  INFO [API-GATEWAY,,] 109980 --- [  restartedMain] o.s.c.g.r.RouteDefinitionRouteLocator    : Loaded RoutePredicateFactory [ReadBody]
2025-11-04 20:08:55.076  INFO [API-GATEWAY,,] 109980 --- [  restartedMain] o.s.c.g.r.RouteDefinitionRouteLocator    : Loaded RoutePredicateFactory [RemoteAddr]
2025-11-04 20:08:55.076  INFO [API-GATEWAY,,] 109980 --- [  restartedMain] o.s.c.g.r.RouteDefinitionRouteLocator    : Loaded RoutePredicateFactory [Weight]
2025-11-04 20:08:55.077  INFO [API-GATEWAY,,] 109980 --- [  restartedMain] o.s.c.g.r.RouteDefinitionRouteLocator    : Loaded RoutePredicateFactory [CloudFoundryRouteService]
2025-11-04 20:08:56.984 DEBUG [API-GATEWAY,,] 109980 --- [  restartedMain] o.s.w.r.handler.SimpleUrlHandlerMapping  : Patterns [/webjars/**, /**] in 'resourceHandlerMapping'
2025-11-04 20:08:59.199  INFO [API-GATEWAY,,] 109980 --- [  restartedMain] o.s.b.a.e.web.EndpointLinksResolver      : Exposing 26 endpoint(s) beneath base path '/actuator'
2025-11-04 20:08:59.477 DEBUG [API-GATEWAY,,] 109980 --- [  restartedMain] o.s.w.r.r.m.a.ControllerMethodResolver   : ControllerAdvice beans: 0 @ModelAttribute, 0 @InitBinder, 1 @ExceptionHandler
2025-11-04 20:09:00.180 DEBUG [API-GATEWAY,,] 109980 --- [/spans} check()] org.springframework.web.HttpLogging      : HTTP POST http://localhost:9411/api/v2/spans
2025-11-04 20:09:00.181 DEBUG [API-GATEWAY,,] 109980 --- [/spans} check()] org.springframework.web.HttpLogging      : Accept=[text/plain, application/json, application/*+json, */*]
2025-11-04 20:09:00.183 DEBUG [API-GATEWAY,,] 109980 --- [/spans} check()] org.springframework.web.HttpLogging      : Writing [[B@36d1a14f] as "application/json"
2025-11-04 20:09:00.186  WARN [API-GATEWAY,,] 109980 --- [  restartedMain] o.s.c.s.a.z.ZipkinAutoConfiguration      : Check result of the [RestTemplateSender{http://localhost:9411/api/v2/spans}] contains an error [CheckResult{ok=false, error=org.springframework.web.client.ResourceAccessException: I/O error on POST request for "http://localhost:9411/api/v2/spans": Connection refused; nested exception is java.net.ConnectException: Connection refused}]
2025-11-04 20:09:00.492 DEBUG [API-GATEWAY,,] 109980 --- [  restartedMain] o.s.w.s.adapter.HttpWebHandlerAdapter    : enableLoggingRequestDetails='false': form data and headers will be masked to prevent unsafe logging of potentially sensitive data
2025-11-04 20:09:01.531  WARN [API-GATEWAY,,] 109980 --- [  restartedMain] o.s.b.d.a.OptionalLiveReloadServer       : Unable to start LiveReload server
2025-11-04 20:09:01.684  INFO [API-GATEWAY,,] 109980 --- [  restartedMain] DiscoveryClientOptionalArgsConfiguration : Eureka HTTP Client uses RestTemplate.
2025-11-04 20:09:02.179  WARN [API-GATEWAY,,] 109980 --- [  restartedMain] iguration$LoadBalancerCaffeineWarnLogger : Spring Cloud LoadBalancer is currently working with the default cache. You can switch to using Caffeine cache, by adding it and org.springframework.cache.caffeine.CaffeineCacheManager to the classpath.
2025-11-04 20:09:02.431  INFO [API-GATEWAY,,] 109980 --- [  restartedMain] o.s.c.n.eureka.InstanceInfoFactory       : Setting initial instance status as: STARTING
2025-11-04 20:09:02.628  INFO [API-GATEWAY,,] 109980 --- [  restartedMain] com.netflix.discovery.DiscoveryClient    : Initializing Eureka in region us-east-1
2025-11-04 20:09:02.641  INFO [API-GATEWAY,,] 109980 --- [  restartedMain] c.n.d.s.r.aws.ConfigClusterResolver      : Resolving eureka endpoints via configuration
2025-11-04 20:09:02.696  INFO [API-GATEWAY,,] 109980 --- [  restartedMain] com.netflix.discovery.DiscoveryClient    : Disable delta property : false
2025-11-04 20:09:02.697  INFO [API-GATEWAY,,] 109980 --- [  restartedMain] com.netflix.discovery.DiscoveryClient    : Single vip registry refresh property : null
2025-11-04 20:09:02.697  INFO [API-GATEWAY,,] 109980 --- [  restartedMain] com.netflix.discovery.DiscoveryClient    : Force full registry fetch : false
2025-11-04 20:09:02.697  INFO [API-GATEWAY,,] 109980 --- [  restartedMain] com.netflix.discovery.DiscoveryClient    : Application is null : false
2025-11-04 20:09:02.697  INFO [API-GATEWAY,,] 109980 --- [  restartedMain] com.netflix.discovery.DiscoveryClient    : Registered Applications size is zero : true
2025-11-04 20:09:02.698  INFO [API-GATEWAY,,] 109980 --- [  restartedMain] com.netflix.discovery.DiscoveryClient    : Application version is -1: true
2025-11-04 20:09:02.698  INFO [API-GATEWAY,,] 109980 --- [  restartedMain] com.netflix.discovery.DiscoveryClient    : Getting all instance registry info from the eureka server
2025-11-04 20:09:03.183 DEBUG [API-GATEWAY,,] 109980 --- [  restartedMain] o.s.web.client.RestTemplate              : HTTP GET http://localhost:8761/eureka/apps/
2025-11-04 20:09:03.306 DEBUG [API-GATEWAY,,] 109980 --- [  restartedMain] o.s.web.client.RestTemplate              : Accept=[application/json, application/*+json]
2025-11-04 20:09:03.415 DEBUG [API-GATEWAY,,] 109980 --- [  restartedMain] o.s.web.client.RestTemplate              : Response 200 OK
2025-11-04 20:09:03.417 DEBUG [API-GATEWAY,,] 109980 --- [  restartedMain] o.s.web.client.RestTemplate              : Reading to [org.springframework.cloud.netflix.eureka.http.EurekaApplications]
2025-11-04 20:09:03.439  INFO [API-GATEWAY,,] 109980 --- [  restartedMain] com.netflix.discovery.DiscoveryClient    : The response status is 200
2025-11-04 20:09:03.446  INFO [API-GATEWAY,,] 109980 --- [  restartedMain] com.netflix.discovery.DiscoveryClient    : Starting heartbeat executor: renew interval is: 30
2025-11-04 20:09:03.453  INFO [API-GATEWAY,,] 109980 --- [  restartedMain] c.n.discovery.InstanceInfoReplicator     : InstanceInfoReplicator onDemand update allowed rate per min is 4
2025-11-04 20:09:03.466  INFO [API-GATEWAY,,] 109980 --- [  restartedMain] com.netflix.discovery.DiscoveryClient    : Discovery Client initialized at timestamp 1762304943464 with initial instances count: 1
2025-11-04 20:09:03.501  INFO [API-GATEWAY,,] 109980 --- [  restartedMain] o.s.c.n.e.s.EurekaServiceRegistry        : Registering application API-GATEWAY with eureka with status UP
2025-11-04 20:09:03.503  INFO [API-GATEWAY,,] 109980 --- [  restartedMain] com.netflix.discovery.DiscoveryClient    : Saw local status change event StatusChangeEvent [timestamp=1762304943502, current=UP, previous=STARTING]
2025-11-04 20:09:03.506  INFO [API-GATEWAY,,] 109980 --- [nfoReplicator-0] com.netflix.discovery.DiscoveryClient    : DiscoveryClient_API-GATEWAY/192.168.1.12:API-GATEWAY:8080: registering service...
2025-11-04 20:09:03.519 DEBUG [API-GATEWAY,,] 109980 --- [nfoReplicator-0] o.s.web.client.RestTemplate              : HTTP POST http://localhost:8761/eureka/apps/API-GATEWAY
2025-11-04 20:09:03.522 DEBUG [API-GATEWAY,,] 109980 --- [nfoReplicator-0] o.s.web.client.RestTemplate              : Accept=[application/json, application/*+json]
2025-11-04 20:09:03.554 DEBUG [API-GATEWAY,,] 109980 --- [nfoReplicator-0] o.s.web.client.RestTemplate              : Writing [InstanceInfo [instanceId = 192.168.1.12:API-GATEWAY:8080, appName = API-GATEWAY, hostName = localhost, status = UP, ipAddr = 192.168.1.12, port = 8080, securePort = 443, dataCenterInfo = com.netflix.appinfo.MyDataCenterInfo@3b118f7] as "application/json"
2025-11-04 20:09:03.608 DEBUG [API-GATEWAY,,] 109980 --- [nfoReplicator-0] o.s.web.client.RestTemplate              : Response 204 NO_CONTENT
2025-11-04 20:09:03.609  INFO [API-GATEWAY,,] 109980 --- [nfoReplicator-0] com.netflix.discovery.DiscoveryClient    : DiscoveryClient_API-GATEWAY/192.168.1.12:API-GATEWAY:8080 - registration status: 204
2025-11-04 20:09:03.957  INFO [API-GATEWAY,,] 109980 --- [  restartedMain] o.s.b.web.embedded.netty.NettyWebServer  : Netty started on port 8080
2025-11-04 20:09:03.959  INFO [API-GATEWAY,,] 109980 --- [  restartedMain] .s.c.n.e.s.EurekaAutoServiceRegistration : Updating port to 8080
2025-11-04 20:09:04.347  INFO [API-GATEWAY,,] 109980 --- [  restartedMain] c.selimhorri.app.ApiGatewayApplication   : Started ApiGatewayApplication in 21.752 seconds (JVM running for 23.126)
2025-11-04 20:09:07.710 DEBUG [API-GATEWAY,,] 109980 --- [or-http-epoll-2] o.s.w.s.adapter.HttpWebHandlerAdapter    : [3182723e-1, L:/[0:0:0:0:0:0:0:1%0]:8080 - R:/[0:0:0:0:0:0:0:1%0]:52838] HTTP GET "/actuator/health"
2025-11-04 20:09:07.870 DEBUG [API-GATEWAY,,] 109980 --- [oundedElastic-1] .s.w.r.r.m.a.ResponseEntityResultHandler : [3182723e-1, L:/[0:0:0:0:0:0:0:1%0]:8080 - R:/[0:0:0:0:0:0:0:1%0]:52838] Using 'application/vnd.spring-boot.actuator.v3+json' given [*/*] and supported [application/vnd.spring-boot.actuator.v3+json, application/vnd.spring-boot.actuator.v2+json, application/json]
2025-11-04 20:09:07.870 DEBUG [API-GATEWAY,,] 109980 --- [oundedElastic-1] .s.w.r.r.m.a.ResponseEntityResultHandler : [3182723e-1, L:/[0:0:0:0:0:0:0:1%0]:8080 - R:/[0:0:0:0:0:0:0:1%0]:52838] 0..1 [org.springframework.boot.actuate.health.SystemHealth]
2025-11-04 20:09:07.903 DEBUG [API-GATEWAY,,] 109980 --- [oundedElastic-1] org.springframework.web.HttpLogging      : [3182723e-1, L:/[0:0:0:0:0:0:0:1%0]:8080 - R:/[0:0:0:0:0:0:0:1%0]:52838] Encoding [org.springframework.boot.actuate.health.SystemHealth@44f1d91a]
2025-11-04 20:09:07.985 DEBUG [API-GATEWAY,,] 109980 --- [or-http-epoll-2] o.s.w.s.adapter.HttpWebHandlerAdapter    : [3182723e-1, L:/[0:0:0:0:0:0:0:1%0]:8080 - R:/[0:0:0:0:0:0:0:1%0]:52838] Completed 200 OK
2025-11-04 20:09:33.448 DEBUG [API-GATEWAY,,] 109980 --- [freshExecutor-0] o.s.web.client.RestTemplate              : HTTP GET http://localhost:8761/eureka/apps/delta
2025-11-04 20:09:33.449 DEBUG [API-GATEWAY,,] 109980 --- [freshExecutor-0] o.s.web.client.RestTemplate              : Accept=[application/json, application/*+json]
2025-11-04 20:09:33.455 DEBUG [API-GATEWAY,,] 109980 --- [tbeatExecutor-0] o.s.web.client.RestTemplate              : HTTP PUT http://localhost:8761/eureka/apps/API-GATEWAY/192.168.1.12:API-GATEWAY:8080?status=UP&lastDirtyTimestamp=1762304943502
2025-11-04 20:09:33.460 DEBUG [API-GATEWAY,,] 109980 --- [freshExecutor-0] o.s.web.client.RestTemplate              : Response 200 OK
2025-11-04 20:09:33.461 DEBUG [API-GATEWAY,,] 109980 --- [freshExecutor-0] o.s.web.client.RestTemplate              : Reading to [org.springframework.cloud.netflix.eureka.http.EurekaApplications]
2025-11-04 20:09:33.495 DEBUG [API-GATEWAY,,] 109980 --- [tbeatExecutor-0] o.s.web.client.RestTemplate              : Accept=[application/json, application/*+json]
2025-11-04 20:09:33.509 DEBUG [API-GATEWAY,,] 109980 --- [tbeatExecutor-0] o.s.web.client.RestTemplate              : Response 200 OK
2025-11-04 20:10:03.510 DEBUG [API-GATEWAY,,] 109980 --- [freshExecutor-0] o.s.web.client.RestTemplate              : HTTP GET http://localhost:8761/eureka/apps/delta
2025-11-04 20:10:03.510 DEBUG [API-GATEWAY,,] 109980 --- [freshExecutor-0] o.s.web.client.RestTemplate              : Accept=[application/json, application/*+json]
2025-11-04 20:10:03.512 DEBUG [API-GATEWAY,,] 109980 --- [tbeatExecutor-0] o.s.web.client.RestTemplate              : HTTP PUT http://localhost:8761/eureka/apps/API-GATEWAY/192.168.1.12:API-GATEWAY:8080?status=UP&lastDirtyTimestamp=1762304943502
2025-11-04 20:10:03.513 DEBUG [API-GATEWAY,,] 109980 --- [tbeatExecutor-0] o.s.web.client.RestTemplate              : Accept=[application/json, application/*+json]
2025-11-04 20:10:03.521 DEBUG [API-GATEWAY,,] 109980 --- [freshExecutor-0] o.s.web.client.RestTemplate              : Response 200 OK
2025-11-04 20:10:03.522 DEBUG [API-GATEWAY,,] 109980 --- [freshExecutor-0] o.s.web.client.RestTemplate              : Reading to [org.springframework.cloud.netflix.eureka.http.EurekaApplications]
2025-11-04 20:10:03.528 DEBUG [API-GATEWAY,,] 109980 --- [tbeatExecutor-0] o.s.web.client.RestTemplate              : Response 200 OK
2025-11-04 20:10:33.533 DEBUG [API-GATEWAY,,] 109980 --- [tbeatExecutor-0] o.s.web.client.RestTemplate              : HTTP PUT http://localhost:8761/eureka/apps/API-GATEWAY/192.168.1.12:API-GATEWAY:8080?status=UP&lastDirtyTimestamp=1762304943502
2025-11-04 20:10:33.535 DEBUG [API-GATEWAY,,] 109980 --- [tbeatExecutor-0] o.s.web.client.RestTemplate              : Accept=[application/json, application/*+json]
2025-11-04 20:10:33.546 DEBUG [API-GATEWAY,,] 109980 --- [tbeatExecutor-0] o.s.web.client.RestTemplate              : Response 200 OK
2025-11-04 20:10:33.566 DEBUG [API-GATEWAY,,] 109980 --- [freshExecutor-0] o.s.web.client.RestTemplate              : HTTP GET http://localhost:8761/eureka/apps/delta
2025-11-04 20:10:33.567 DEBUG [API-GATEWAY,,] 109980 --- [freshExecutor-0] o.s.web.client.RestTemplate              : Accept=[application/json, application/*+json]
2025-11-04 20:10:33.575 DEBUG [API-GATEWAY,,] 109980 --- [freshExecutor-0] o.s.web.client.RestTemplate              : Response 200 OK
2025-11-04 20:10:33.575 DEBUG [API-GATEWAY,,] 109980 --- [freshExecutor-0] o.s.web.client.RestTemplate              : Reading to [org.springframework.cloud.netflix.eureka.http.EurekaApplications]
2025-11-04 20:11:03.549 DEBUG [API-GATEWAY,,] 109980 --- [tbeatExecutor-0] o.s.web.client.RestTemplate              : HTTP PUT http://localhost:8761/eureka/apps/API-GATEWAY/192.168.1.12:API-GATEWAY:8080?status=UP&lastDirtyTimestamp=1762304943502
2025-11-04 20:11:03.551 DEBUG [API-GATEWAY,,] 109980 --- [tbeatExecutor-0] o.s.web.client.RestTemplate              : Accept=[application/json, application/*+json]
2025-11-04 20:11:03.560 DEBUG [API-GATEWAY,,] 109980 --- [tbeatExecutor-0] o.s.web.client.RestTemplate              : Response 200 OK
2025-11-04 20:11:03.607 DEBUG [API-GATEWAY,,] 109980 --- [freshExecutor-0] o.s.web.client.RestTemplate              : HTTP GET http://localhost:8761/eureka/apps/delta
2025-11-04 20:11:03.608 DEBUG [API-GATEWAY,,] 109980 --- [freshExecutor-0] o.s.web.client.RestTemplate              : Accept=[application/json, application/*+json]
2025-11-04 20:11:03.616 DEBUG [API-GATEWAY,,] 109980 --- [freshExecutor-0] o.s.web.client.RestTemplate              : Response 200 OK
2025-11-04 20:11:03.617 DEBUG [API-GATEWAY,,] 109980 --- [freshExecutor-0] o.s.web.client.RestTemplate              : Reading to [org.springframework.cloud.netflix.eureka.http.EurekaApplications]
2025-11-04 20:11:33.563 DEBUG [API-GATEWAY,,] 109980 --- [tbeatExecutor-0] o.s.web.client.RestTemplate              : HTTP PUT http://localhost:8761/eureka/apps/API-GATEWAY/192.168.1.12:API-GATEWAY:8080?status=UP&lastDirtyTimestamp=1762304943502
2025-11-04 20:11:33.564 DEBUG [API-GATEWAY,,] 109980 --- [tbeatExecutor-0] o.s.web.client.RestTemplate              : Accept=[application/json, application/*+json]
2025-11-04 20:11:33.575 DEBUG [API-GATEWAY,,] 109980 --- [tbeatExecutor-0] o.s.web.client.RestTemplate              : Response 200 OK
2025-11-04 20:11:33.652 DEBUG [API-GATEWAY,,] 109980 --- [freshExecutor-0] o.s.web.client.RestTemplate              : HTTP GET http://localhost:8761/eureka/apps/delta
2025-11-04 20:11:33.653 DEBUG [API-GATEWAY,,] 109980 --- [freshExecutor-0] o.s.web.client.RestTemplate              : Accept=[application/json, application/*+json]
2025-11-04 20:11:33.663 DEBUG [API-GATEWAY,,] 109980 --- [freshExecutor-0] o.s.web.client.RestTemplate              : Response 200 OK
2025-11-04 20:11:33.664 DEBUG [API-GATEWAY,,] 109980 --- [freshExecutor-0] o.s.web.client.RestTemplate              : Reading to [org.springframework.cloud.netflix.eureka.http.EurekaApplications]
2025-11-04 20:12:03.577 DEBUG [API-GATEWAY,,] 109980 --- [tbeatExecutor-0] o.s.web.client.RestTemplate              : HTTP PUT http://localhost:8761/eureka/apps/API-GATEWAY/192.168.1.12:API-GATEWAY:8080?status=UP&lastDirtyTimestamp=1762304943502
2025-11-04 20:12:03.578 DEBUG [API-GATEWAY,,] 109980 --- [tbeatExecutor-0] o.s.web.client.RestTemplate              : Accept=[application/json, application/*+json]
2025-11-04 20:12:03.587 DEBUG [API-GATEWAY,,] 109980 --- [tbeatExecutor-0] o.s.web.client.RestTemplate              : Response 200 OK
2025-11-04 20:12:03.719 DEBUG [API-GATEWAY,,] 109980 --- [freshExecutor-0] o.s.web.client.RestTemplate              : HTTP GET http://localhost:8761/eureka/apps/delta
2025-11-04 20:12:03.719 DEBUG [API-GATEWAY,,] 109980 --- [freshExecutor-0] o.s.web.client.RestTemplate              : Accept=[application/json, application/*+json]
2025-11-04 20:12:03.726 DEBUG [API-GATEWAY,,] 109980 --- [freshExecutor-0] o.s.web.client.RestTemplate              : Response 200 OK
2025-11-04 20:12:03.727 DEBUG [API-GATEWAY,,] 109980 --- [freshExecutor-0] o.s.web.client.RestTemplate              : Reading to [org.springframework.cloud.netflix.eureka.http.EurekaApplications]
2025-11-04 20:12:33.589 DEBUG [API-GATEWAY,,] 109980 --- [tbeatExecutor-0] o.s.web.client.RestTemplate              : HTTP PUT http://localhost:8761/eureka/apps/API-GATEWAY/192.168.1.12:API-GATEWAY:8080?status=UP&lastDirtyTimestamp=1762304943502
2025-11-04 20:12:33.590 DEBUG [API-GATEWAY,,] 109980 --- [tbeatExecutor-0] o.s.web.client.RestTemplate              : Accept=[application/json, application/*+json]
2025-11-04 20:12:33.600 DEBUG [API-GATEWAY,,] 109980 --- [tbeatExecutor-0] o.s.web.client.RestTemplate              : Response 200 OK
2025-11-04 20:12:33.755 DEBUG [API-GATEWAY,,] 109980 --- [freshExecutor-0] o.s.web.client.RestTemplate              : HTTP GET http://localhost:8761/eureka/apps/delta
2025-11-04 20:12:33.756 DEBUG [API-GATEWAY,,] 109980 --- [freshExecutor-0] o.s.web.client.RestTemplate              : Accept=[application/json, application/*+json]
2025-11-04 20:12:33.772 DEBUG [API-GATEWAY,,] 109980 --- [freshExecutor-0] o.s.web.client.RestTemplate              : Response 200 OK
2025-11-04 20:12:33.773 DEBUG [API-GATEWAY,,] 109980 --- [freshExecutor-0] o.s.web.client.RestTemplate              : Reading to [org.springframework.cloud.netflix.eureka.http.EurekaApplications]
2025-11-04 20:13:03.603 DEBUG [API-GATEWAY,,] 109980 --- [tbeatExecutor-0] o.s.web.client.RestTemplate              : HTTP PUT http://localhost:8761/eureka/apps/API-GATEWAY/192.168.1.12:API-GATEWAY:8080?status=UP&lastDirtyTimestamp=1762304943502
2025-11-04 20:13:03.604 DEBUG [API-GATEWAY,,] 109980 --- [tbeatExecutor-0] o.s.web.client.RestTemplate              : Accept=[application/json, application/*+json]
2025-11-04 20:13:03.613 DEBUG [API-GATEWAY,,] 109980 --- [tbeatExecutor-0] o.s.web.client.RestTemplate              : Response 200 OK
2025-11-04 20:13:03.800 DEBUG [API-GATEWAY,,] 109980 --- [freshExecutor-0] o.s.web.client.RestTemplate              : HTTP GET http://localhost:8761/eureka/apps/delta
2025-11-04 20:13:03.801 DEBUG [API-GATEWAY,,] 109980 --- [freshExecutor-0] o.s.web.client.RestTemplate              : Accept=[application/json, application/*+json]
2025-11-04 20:13:03.809 DEBUG [API-GATEWAY,,] 109980 --- [freshExecutor-0] o.s.web.client.RestTemplate              : Response 200 OK
2025-11-04 20:13:03.810 DEBUG [API-GATEWAY,,] 109980 --- [freshExecutor-0] o.s.web.client.RestTemplate              : Reading to [org.springframework.cloud.netflix.eureka.http.EurekaApplications]
2025-11-04 20:13:33.779 DEBUG [API-GATEWAY,,] 109980 --- [tbeatExecutor-0] o.s.web.client.RestTemplate              : HTTP PUT http://localhost:8761/eureka/apps/API-GATEWAY/192.168.1.12:API-GATEWAY:8080?status=UP&lastDirtyTimestamp=1762304943502
2025-11-04 20:13:33.809 DEBUG [API-GATEWAY,,] 109980 --- [tbeatExecutor-0] o.s.web.client.RestTemplate              : Accept=[application/json, application/*+json]
2025-11-04 20:13:33.876 DEBUG [API-GATEWAY,,] 109980 --- [freshExecutor-0] o.s.web.client.RestTemplate              : HTTP GET http://localhost:8761/eureka/apps/delta
2025-11-04 20:13:33.881 DEBUG [API-GATEWAY,,] 109980 --- [freshExecutor-0] o.s.web.client.RestTemplate              : Accept=[application/json, application/*+json]
2025-11-04 20:13:34.005 DEBUG [API-GATEWAY,,] 109980 --- [tbeatExecutor-0] o.s.web.client.RestTemplate              : Response 200 OK
2025-11-04 20:13:34.007 DEBUG [API-GATEWAY,,] 109980 --- [freshExecutor-0] o.s.web.client.RestTemplate              : Response 200 OK
2025-11-04 20:13:34.035 DEBUG [API-GATEWAY,,] 109980 --- [freshExecutor-0] o.s.web.client.RestTemplate              : Reading to [org.springframework.cloud.netflix.eureka.http.EurekaApplications]
2025-11-04 20:14:14.974 DEBUG [API-GATEWAY,,] 109980 --- [tbeatExecutor-0] o.s.web.client.RestTemplate              : HTTP PUT http://localhost:8761/eureka/apps/API-GATEWAY/192.168.1.12:API-GATEWAY:8080?status=UP&lastDirtyTimestamp=1762304943502
2025-11-04 20:15:00.451 DEBUG [API-GATEWAY,,] 109980 --- [tbeatExecutor-0] o.s.web.client.RestTemplate              : Accept=[application/json, application/*+json]
2025-11-04 20:15:12.784 DEBUG [API-GATEWAY,,] 109980 --- [freshExecutor-0] o.s.web.client.RestTemplate              : HTTP GET http://localhost:8761/eureka/apps/delta
2025-11-04 20:16:06.907 DEBUG [API-GATEWAY,,] 109980 --- [freshExecutor-0] o.s.web.client.RestTemplate              : Accept=[application/json, application/*+json]
2025-11-04 20:16:08.096  INFO [API-GATEWAY,,] 109980 --- [trap-executor-0] c.n.d.s.r.aws.ConfigClusterResolver      : Resolving eureka endpoints via configuration
2025-11-04 20:17:41.806  WARN [API-GATEWAY,,] 109980 --- [scoveryClient-0] c.netflix.discovery.TimedSupervisorTask  : task supervisor timed out

java.util.concurrent.TimeoutException: null
	at java.base/java.util.concurrent.FutureTask.get(FutureTask.java:204) ~[na:na]
	at com.netflix.discovery.TimedSupervisorTask.run(TimedSupervisorTask.java:68) ~[eureka-client-1.10.16.jar:1.10.16]
	at java.base/java.util.concurrent.Executors$RunnableAdapter.call(Executors.java:539) ~[na:na]
	at java.base/java.util.concurrent.FutureTask.run(FutureTask.java:264) ~[na:na]
	at java.base/java.util.concurrent.ScheduledThreadPoolExecutor$ScheduledFutureTask.run(ScheduledThreadPoolExecutor.java:304) ~[na:na]
	at java.base/java.util.concurrent.ThreadPoolExecutor.runWorker(ThreadPoolExecutor.java:1136) ~[na:na]
	at java.base/java.util.concurrent.ThreadPoolExecutor$Worker.run(ThreadPoolExecutor.java:635) ~[na:na]
	at java.base/java.lang.Thread.run(Thread.java:840) ~[na:na]

2025-11-04 20:17:41.810  INFO [API-GATEWAY,,] 109980 --- [ionShutdownHook] o.s.c.n.e.s.EurekaServiceRegistry        : Unregistering application API-GATEWAY with eureka with status DOWN
2025-11-04 20:17:41.819  INFO [API-GATEWAY,,] 109980 --- [ionShutdownHook] com.netflix.discovery.DiscoveryClient    : Saw local status change event StatusChangeEvent [timestamp=1762305461819, current=DOWN, previous=UP]
2025-11-04 20:17:41.811  WARN [API-GATEWAY,,] 109980 --- [scoveryClient-1] c.netflix.discovery.TimedSupervisorTask  : task supervisor timed out

java.util.concurrent.TimeoutException: null
	at java.base/java.util.concurrent.FutureTask.get(FutureTask.java:204) ~[na:na]
	at com.netflix.discovery.TimedSupervisorTask.run(TimedSupervisorTask.java:68) ~[eureka-client-1.10.16.jar:1.10.16]
	at java.base/java.util.concurrent.Executors$RunnableAdapter.call(Executors.java:539) ~[na:na]
	at java.base/java.util.concurrent.FutureTask.run(FutureTask.java:264) ~[na:na]
	at java.base/java.util.concurrent.ScheduledThreadPoolExecutor$ScheduledFutureTask.run(ScheduledThreadPoolExecutor.java:304) ~[na:na]
	at java.base/java.util.concurrent.ThreadPoolExecutor.runWorker(ThreadPoolExecutor.java:1136) ~[na:na]
	at java.base/java.util.concurrent.ThreadPoolExecutor$Worker.run(ThreadPoolExecutor.java:635) ~[na:na]
	at java.base/java.lang.Thread.run(Thread.java:840) ~[na:na]

2025-11-04 20:17:41.842  INFO [API-GATEWAY,,] 109980 --- [nfoReplicator-0] com.netflix.discovery.DiscoveryClient    : DiscoveryClient_API-GATEWAY/192.168.1.12:API-GATEWAY:8080: registering service...
2025-11-04 20:17:41.898 DEBUG [API-GATEWAY,,] 109980 --- [freshExecutor-0] o.s.web.client.RestTemplate              : Response 200 OK
2025-11-04 20:17:41.901 DEBUG [API-GATEWAY,,] 109980 --- [freshExecutor-0] o.s.web.client.RestTemplate              : Reading to [org.springframework.cloud.netflix.eureka.http.EurekaApplications]
2025-11-04 20:17:41.950 DEBUG [API-GATEWAY,,] 109980 --- [tbeatExecutor-0] o.s.web.client.RestTemplate              : Response 200 OK
2025-11-04 20:17:41.908 DEBUG [API-GATEWAY,,] 109980 --- [nfoReplicator-0] o.s.web.client.RestTemplate              : HTTP POST http://localhost:8761/eureka/apps/API-GATEWAY
2025-11-04 20:17:41.989 DEBUG [API-GATEWAY,,] 109980 --- [nfoReplicator-0] o.s.web.client.RestTemplate              : Accept=[application/json, application/*+json]
2025-11-04 20:17:41.990 DEBUG [API-GATEWAY,,] 109980 --- [nfoReplicator-0] o.s.web.client.RestTemplate              : Writing [InstanceInfo [instanceId = 192.168.1.12:API-GATEWAY:8080, appName = API-GATEWAY, hostName = localhost, status = DOWN, ipAddr = 192.168.1.12, port = 8080, securePort = 443, dataCenterInfo = com.netflix.appinfo.MyDataCenterInfo@3b118f7] as "application/json"
2025-11-04 20:17:42.149 DEBUG [API-GATEWAY,,] 109980 --- [nfoReplicator-0] o.s.web.client.RestTemplate              : Response 204 NO_CONTENT
2025-11-04 20:17:42.157  INFO [API-GATEWAY,,] 109980 --- [nfoReplicator-0] com.netflix.discovery.DiscoveryClient    : DiscoveryClient_API-GATEWAY/192.168.1.12:API-GATEWAY:8080 - registration status: 204
2025-11-04 20:17:45.282  INFO [API-GATEWAY,,] 109980 --- [ionShutdownHook] com.netflix.discovery.DiscoveryClient    : Shutting down DiscoveryClient ...
2025-11-04 20:17:48.288  INFO [API-GATEWAY,,] 109980 --- [ionShutdownHook] com.netflix.discovery.DiscoveryClient    : Unregistering ...
2025-11-04 20:17:48.291 DEBUG [API-GATEWAY,,] 109980 --- [ionShutdownHook] o.s.web.client.RestTemplate              : HTTP DELETE http://localhost:8761/eureka/apps/API-GATEWAY/192.168.1.12:API-GATEWAY:8080
2025-11-04 20:17:48.292 DEBUG [API-GATEWAY,,] 109980 --- [ionShutdownHook] o.s.web.client.RestTemplate              : Accept=[application/json, application/*+json]
2025-11-04 20:17:48.305  INFO [API-GATEWAY,,] 109980 --- [ionShutdownHook] c.n.d.s.t.d.RedirectingEurekaHttpClient  : Request execution error. endpoint=DefaultEndpoint{ serviceUrl='http://localhost:8761/eureka/} exception=I/O error on DELETE request for "http://localhost:8761/eureka/apps/API-GATEWAY/192.168.1.12:API-GATEWAY:8080": Connect to localhost:8761 [localhost/127.0.0.1] failed: Connection refused; nested exception is org.apache.http.conn.HttpHostConnectException: Connect to localhost:8761 [localhost/127.0.0.1] failed: Connection refused stacktrace=org.springframework.web.client.ResourceAccessException: I/O error on DELETE request for "http://localhost:8761/eureka/apps/API-GATEWAY/192.168.1.12:API-GATEWAY:8080": Connect to localhost:8761 [localhost/127.0.0.1] failed: Connection refused; nested exception is org.apache.http.conn.HttpHostConnectException: Connect to localhost:8761 [localhost/127.0.0.1] failed: Connection refused
	at org.springframework.web.client.RestTemplate.doExecute(RestTemplate.java:785)
	at org.springframework.web.client.RestTemplate.execute(RestTemplate.java:711)
	at org.springframework.web.client.RestTemplate.exchange(RestTemplate.java:602)
	at org.springframework.cloud.netflix.eureka.http.RestTemplateEurekaHttpClient.cancel(RestTemplateEurekaHttpClient.java:87)
	at com.netflix.discovery.shared.transport.decorator.EurekaHttpClientDecorator$2.execute(EurekaHttpClientDecorator.java:74)
	at com.netflix.discovery.shared.transport.decorator.RedirectingEurekaHttpClient.execute(RedirectingEurekaHttpClient.java:91)
	at com.netflix.discovery.shared.transport.decorator.EurekaHttpClientDecorator.cancel(EurekaHttpClientDecorator.java:71)
	at com.netflix.discovery.shared.transport.decorator.EurekaHttpClientDecorator$2.execute(EurekaHttpClientDecorator.java:74)
	at com.netflix.discovery.shared.transport.decorator.RetryableEurekaHttpClient.execute(RetryableEurekaHttpClient.java:120)
	at com.netflix.discovery.shared.transport.decorator.EurekaHttpClientDecorator.cancel(EurekaHttpClientDecorator.java:71)
	at com.netflix.discovery.shared.transport.decorator.EurekaHttpClientDecorator$2.execute(EurekaHttpClientDecorator.java:74)
	at com.netflix.discovery.shared.transport.decorator.SessionedEurekaHttpClient.execute(SessionedEurekaHttpClient.java:77)
	at com.netflix.discovery.shared.transport.decorator.EurekaHttpClientDecorator.cancel(EurekaHttpClientDecorator.java:71)
	at com.netflix.discovery.DiscoveryClient.unregister(DiscoveryClient.java:972)
	at com.netflix.discovery.DiscoveryClient.shutdown(DiscoveryClient.java:948)
	at java.base/jdk.internal.reflect.NativeMethodAccessorImpl.invoke0(Native Method)
	at java.base/jdk.internal.reflect.NativeMethodAccessorImpl.invoke(NativeMethodAccessorImpl.java:77)
	at java.base/jdk.internal.reflect.DelegatingMethodAccessorImpl.invoke(DelegatingMethodAccessorImpl.java:43)
	at java.base/java.lang.reflect.Method.invoke(Method.java:569)
	at org.springframework.beans.factory.annotation.InitDestroyAnnotationBeanPostProcessor$LifecycleElement.invoke(InitDestroyAnnotationBeanPostProcessor.java:389)
	at org.springframework.beans.factory.annotation.InitDestroyAnnotationBeanPostProcessor$LifecycleMetadata.invokeDestroyMethods(InitDestroyAnnotationBeanPostProcessor.java:347)
	at org.springframework.beans.factory.annotation.InitDestroyAnnotationBeanPostProcessor.postProcessBeforeDestruction(InitDestroyAnnotationBeanPostProcessor.java:177)
	at org.springframework.beans.factory.support.DisposableBeanAdapter.destroy(DisposableBeanAdapter.java:196)
	at org.springframework.beans.factory.support.DisposableBeanAdapter.run(DisposableBeanAdapter.java:189)
	at org.springframework.cloud.context.scope.GenericScope$BeanLifecycleWrapper.destroy(GenericScope.java:390)
	at org.springframework.cloud.context.scope.GenericScope.destroy(GenericScope.java:136)
	at org.springframework.beans.factory.support.DisposableBeanAdapter.destroy(DisposableBeanAdapter.java:212)
	at org.springframework.beans.factory.support.DefaultSingletonBeanRegistry.destroyBean(DefaultSingletonBeanRegistry.java:587)
	at org.springframework.beans.factory.support.DefaultSingletonBeanRegistry.destroySingleton(DefaultSingletonBeanRegistry.java:559)
	at org.springframework.beans.factory.support.DefaultListableBeanFactory.destroySingleton(DefaultListableBeanFactory.java:1152)
	at org.springframework.beans.factory.support.DefaultSingletonBeanRegistry.destroySingletons(DefaultSingletonBeanRegistry.java:520)
	at org.springframework.beans.factory.support.DefaultListableBeanFactory.destroySingletons(DefaultListableBeanFactory.java:1145)
	at org.springframework.context.support.AbstractApplicationContext.destroyBeans(AbstractApplicationContext.java:1106)
	at org.springframework.context.support.AbstractApplicationContext.doClose(AbstractApplicationContext.java:1075)
	at org.springframework.boot.web.reactive.context.ReactiveWebServerApplicationContext.doClose(ReactiveWebServerApplicationContext.java:147)
	at org.springframework.context.support.AbstractApplicationContext.close(AbstractApplicationContext.java:1021)
	at org.springframework.boot.SpringApplicationShutdownHook.closeAndWait(SpringApplicationShutdownHook.java:137)
	at java.base/java.lang.Iterable.forEach(Iterable.java:75)
	at org.springframework.boot.SpringApplicationShutdownHook.run(SpringApplicationShutdownHook.java:106)
	at java.base/java.lang.Thread.run(Thread.java:840)
Caused by: org.apache.http.conn.HttpHostConnectException: Connect to localhost:8761 [localhost/127.0.0.1] failed: Connection refused
	at org.apache.http.impl.conn.DefaultHttpClientConnectionOperator.connect(DefaultHttpClientConnectionOperator.java:156)
	at org.apache.http.impl.conn.PoolingHttpClientConnectionManager.connect(PoolingHttpClientConnectionManager.java:376)
	at org.apache.http.impl.execchain.MainClientExec.establishRoute(MainClientExec.java:393)
	at org.apache.http.impl.execchain.MainClientExec.execute(MainClientExec.java:236)
	at org.apache.http.impl.execchain.ProtocolExec.execute(ProtocolExec.java:186)
	at org.apache.http.impl.execchain.RetryExec.execute(RetryExec.java:89)
	at org.apache.http.impl.execchain.RedirectExec.execute(RedirectExec.java:110)
	at org.apache.http.impl.client.InternalHttpClient.doExecute(InternalHttpClient.java:185)
	at org.apache.http.impl.client.CloseableHttpClient.execute(CloseableHttpClient.java:83)
	at org.apache.http.impl.client.CloseableHttpClient.execute(CloseableHttpClient.java:56)
	at org.springframework.http.client.HttpComponentsClientHttpRequest.executeInternal(HttpComponentsClientHttpRequest.java:87)
	at org.springframework.http.client.AbstractBufferingClientHttpRequest.executeInternal(AbstractBufferingClientHttpRequest.java:48)
	at org.springframework.http.client.AbstractClientHttpRequest.execute(AbstractClientHttpRequest.java:66)
	at org.springframework.web.client.RestTemplate.doExecute(RestTemplate.java:776)
	... 39 more
Caused by: java.net.ConnectException: Connection refused
	at java.base/sun.nio.ch.Net.connect0(Native Method)
	at java.base/sun.nio.ch.Net.connect(Net.java:579)
	at java.base/sun.nio.ch.Net.connect(Net.java:568)
	at java.base/sun.nio.ch.NioSocketImpl.connect(NioSocketImpl.java:593)
	at java.base/java.net.SocksSocketImpl.connect(SocksSocketImpl.java:327)
	at java.base/java.net.Socket.connect(Socket.java:633)
	at org.apache.http.conn.socket.PlainConnectionSocketFactory.connectSocket(PlainConnectionSocketFactory.java:75)
	at org.apache.http.impl.conn.DefaultHttpClientConnectionOperator.connect(DefaultHttpClientConnectionOperator.java:142)
	... 52 more

2025-11-04 20:17:48.306  WARN [API-GATEWAY,,] 109980 --- [ionShutdownHook] c.n.d.s.t.d.RetryableEurekaHttpClient    : Request execution failed with message: I/O error on DELETE request for "http://localhost:8761/eureka/apps/API-GATEWAY/192.168.1.12:API-GATEWAY:8080": Connect to localhost:8761 [localhost/127.0.0.1] failed: Connection refused; nested exception is org.apache.http.conn.HttpHostConnectException: Connect to localhost:8761 [localhost/127.0.0.1] failed: Connection refused
2025-11-04 20:17:48.319 DEBUG [API-GATEWAY,,] 109980 --- [ionShutdownHook] o.s.web.client.RestTemplate              : HTTP DELETE http://localhost:8761/eureka/apps/API-GATEWAY/192.168.1.12:API-GATEWAY:8080
2025-11-04 20:17:48.320 DEBUG [API-GATEWAY,,] 109980 --- [ionShutdownHook] o.s.web.client.RestTemplate              : Accept=[application/json, application/*+json]
2025-11-04 20:17:48.325  INFO [API-GATEWAY,,] 109980 --- [ionShutdownHook] c.n.d.s.t.d.RedirectingEurekaHttpClient  : Request execution error. endpoint=DefaultEndpoint{ serviceUrl='http://localhost:8761/eureka/}, exception=I/O error on DELETE request for "http://localhost:8761/eureka/apps/API-GATEWAY/192.168.1.12:API-GATEWAY:8080": Connect to localhost:8761 [localhost/127.0.0.1] failed: Connection refused; nested exception is org.apache.http.conn.HttpHostConnectException: Connect to localhost:8761 [localhost/127.0.0.1] failed: Connection refused stacktrace=org.springframework.web.client.ResourceAccessException: I/O error on DELETE request for "http://localhost:8761/eureka/apps/API-GATEWAY/192.168.1.12:API-GATEWAY:8080": Connect to localhost:8761 [localhost/127.0.0.1] failed: Connection refused; nested exception is org.apache.http.conn.HttpHostConnectException: Connect to localhost:8761 [localhost/127.0.0.1] failed: Connection refused
	at org.springframework.web.client.RestTemplate.doExecute(RestTemplate.java:785)
	at org.springframework.web.client.RestTemplate.execute(RestTemplate.java:711)
	at org.springframework.web.client.RestTemplate.exchange(RestTemplate.java:602)
	at org.springframework.cloud.netflix.eureka.http.RestTemplateEurekaHttpClient.cancel(RestTemplateEurekaHttpClient.java:87)
	at com.netflix.discovery.shared.transport.decorator.EurekaHttpClientDecorator$2.execute(EurekaHttpClientDecorator.java:74)
	at com.netflix.discovery.shared.transport.decorator.RedirectingEurekaHttpClient.executeOnNewServer(RedirectingEurekaHttpClient.java:121)
	at com.netflix.discovery.shared.transport.decorator.RedirectingEurekaHttpClient.execute(RedirectingEurekaHttpClient.java:80)
	at com.netflix.discovery.shared.transport.decorator.EurekaHttpClientDecorator.cancel(EurekaHttpClientDecorator.java:71)
	at com.netflix.discovery.shared.transport.decorator.EurekaHttpClientDecorator$2.execute(EurekaHttpClientDecorator.java:74)
	at com.netflix.discovery.shared.transport.decorator.RetryableEurekaHttpClient.execute(RetryableEurekaHttpClient.java:120)
	at com.netflix.discovery.shared.transport.decorator.EurekaHttpClientDecorator.cancel(EurekaHttpClientDecorator.java:71)
	at com.netflix.discovery.shared.transport.decorator.EurekaHttpClientDecorator$2.execute(EurekaHttpClientDecorator.java:74)
	at com.netflix.discovery.shared.transport.decorator.SessionedEurekaHttpClient.execute(SessionedEurekaHttpClient.java:77)
	at com.netflix.discovery.shared.transport.decorator.EurekaHttpClientDecorator.cancel(EurekaHttpClientDecorator.java:71)
	at com.netflix.discovery.DiscoveryClient.unregister(DiscoveryClient.java:972)
	at com.netflix.discovery.DiscoveryClient.shutdown(DiscoveryClient.java:948)
	at java.base/jdk.internal.reflect.NativeMethodAccessorImpl.invoke0(Native Method)
	at java.base/jdk.internal.reflect.NativeMethodAccessorImpl.invoke(NativeMethodAccessorImpl.java:77)
	at java.base/jdk.internal.reflect.DelegatingMethodAccessorImpl.invoke(DelegatingMethodAccessorImpl.java:43)
	at java.base/java.lang.reflect.Method.invoke(Method.java:569)
	at org.springframework.beans.factory.annotation.InitDestroyAnnotationBeanPostProcessor$LifecycleElement.invoke(InitDestroyAnnotationBeanPostProcessor.java:389)
	at org.springframework.beans.factory.annotation.InitDestroyAnnotationBeanPostProcessor$LifecycleMetadata.invokeDestroyMethods(InitDestroyAnnotationBeanPostProcessor.java:347)
	at org.springframework.beans.factory.annotation.InitDestroyAnnotationBeanPostProcessor.postProcessBeforeDestruction(InitDestroyAnnotationBeanPostProcessor.java:177)
	at org.springframework.beans.factory.support.DisposableBeanAdapter.destroy(DisposableBeanAdapter.java:196)
	at org.springframework.beans.factory.support.DisposableBeanAdapter.run(DisposableBeanAdapter.java:189)
	at org.springframework.cloud.context.scope.GenericScope$BeanLifecycleWrapper.destroy(GenericScope.java:390)
	at org.springframework.cloud.context.scope.GenericScope.destroy(GenericScope.java:136)
	at org.springframework.beans.factory.support.DisposableBeanAdapter.destroy(DisposableBeanAdapter.java:212)
	at org.springframework.beans.factory.support.DefaultSingletonBeanRegistry.destroyBean(DefaultSingletonBeanRegistry.java:587)
	at org.springframework.beans.factory.support.DefaultSingletonBeanRegistry.destroySingleton(DefaultSingletonBeanRegistry.java:559)
	at org.springframework.beans.factory.support.DefaultListableBeanFactory.destroySingleton(DefaultListableBeanFactory.java:1152)
	at org.springframework.beans.factory.support.DefaultSingletonBeanRegistry.destroySingletons(DefaultSingletonBeanRegistry.java:520)
	at org.springframework.beans.factory.support.DefaultListableBeanFactory.destroySingletons(DefaultListableBeanFactory.java:1145)
	at org.springframework.context.support.AbstractApplicationContext.destroyBeans(AbstractApplicationContext.java:1106)
	at org.springframework.context.support.AbstractApplicationContext.doClose(AbstractApplicationContext.java:1075)
	at org.springframework.boot.web.reactive.context.ReactiveWebServerApplicationContext.doClose(ReactiveWebServerApplicationContext.java:147)
	at org.springframework.context.support.AbstractApplicationContext.close(AbstractApplicationContext.java:1021)
	at org.springframework.boot.SpringApplicationShutdownHook.closeAndWait(SpringApplicationShutdownHook.java:137)
	at java.base/java.lang.Iterable.forEach(Iterable.java:75)
	at org.springframework.boot.SpringApplicationShutdownHook.run(SpringApplicationShutdownHook.java:106)
	at java.base/java.lang.Thread.run(Thread.java:840)
Caused by: org.apache.http.conn.HttpHostConnectException: Connect to localhost:8761 [localhost/127.0.0.1] failed: Connection refused
	at org.apache.http.impl.conn.DefaultHttpClientConnectionOperator.connect(DefaultHttpClientConnectionOperator.java:156)
	at org.apache.http.impl.conn.PoolingHttpClientConnectionManager.connect(PoolingHttpClientConnectionManager.java:376)
	at org.apache.http.impl.execchain.MainClientExec.establishRoute(MainClientExec.java:393)
	at org.apache.http.impl.execchain.MainClientExec.execute(MainClientExec.java:236)
	at org.apache.http.impl.execchain.ProtocolExec.execute(ProtocolExec.java:186)
	at org.apache.http.impl.execchain.RetryExec.execute(RetryExec.java:89)
	at org.apache.http.impl.execchain.RedirectExec.execute(RedirectExec.java:110)
	at org.apache.http.impl.client.InternalHttpClient.doExecute(InternalHttpClient.java:185)
	at org.apache.http.impl.client.CloseableHttpClient.execute(CloseableHttpClient.java:83)
	at org.apache.http.impl.client.CloseableHttpClient.execute(CloseableHttpClient.java:56)
	at org.springframework.http.client.HttpComponentsClientHttpRequest.executeInternal(HttpComponentsClientHttpRequest.java:87)
	at org.springframework.http.client.AbstractBufferingClientHttpRequest.executeInternal(AbstractBufferingClientHttpRequest.java:48)
	at org.springframework.http.client.AbstractClientHttpRequest.execute(AbstractClientHttpRequest.java:66)
	at org.springframework.web.client.RestTemplate.doExecute(RestTemplate.java:776)
	... 40 more
Caused by: java.net.ConnectException: Connection refused
	at java.base/sun.nio.ch.Net.connect0(Native Method)
	at java.base/sun.nio.ch.Net.connect(Net.java:579)
	at java.base/sun.nio.ch.Net.connect(Net.java:568)
	at java.base/sun.nio.ch.NioSocketImpl.connect(NioSocketImpl.java:593)
	at java.base/java.net.SocksSocketImpl.connect(SocksSocketImpl.java:327)
	at java.base/java.net.Socket.connect(Socket.java:633)
	at org.apache.http.conn.socket.PlainConnectionSocketFactory.connectSocket(PlainConnectionSocketFactory.java:75)
	at org.apache.http.impl.conn.DefaultHttpClientConnectionOperator.connect(DefaultHttpClientConnectionOperator.java:142)
	... 53 more

2025-11-04 20:17:48.326  WARN [API-GATEWAY,,] 109980 --- [ionShutdownHook] c.n.d.s.t.d.RetryableEurekaHttpClient    : Request execution failed with message: I/O error on DELETE request for "http://localhost:8761/eureka/apps/API-GATEWAY/192.168.1.12:API-GATEWAY:8080": Connect to localhost:8761 [localhost/127.0.0.1] failed: Connection refused; nested exception is org.apache.http.conn.HttpHostConnectException: Connect to localhost:8761 [localhost/127.0.0.1] failed: Connection refused
2025-11-04 20:17:48.329 ERROR [API-GATEWAY,,] 109980 --- [ionShutdownHook] com.netflix.discovery.DiscoveryClient    : DiscoveryClient_API-GATEWAY/192.168.1.12:API-GATEWAY:8080 - de-registration failedCannot execute request on any known server

com.netflix.discovery.shared.transport.TransportException: Cannot execute request on any known server
	at com.netflix.discovery.shared.transport.decorator.RetryableEurekaHttpClient.execute(RetryableEurekaHttpClient.java:112) ~[eureka-client-1.10.16.jar:1.10.16]
	at com.netflix.discovery.shared.transport.decorator.EurekaHttpClientDecorator.cancel(EurekaHttpClientDecorator.java:71) ~[eureka-client-1.10.16.jar:1.10.16]
	at com.netflix.discovery.shared.transport.decorator.EurekaHttpClientDecorator$2.execute(EurekaHttpClientDecorator.java:74) ~[eureka-client-1.10.16.jar:1.10.16]
	at com.netflix.discovery.shared.transport.decorator.SessionedEurekaHttpClient.execute(SessionedEurekaHttpClient.java:77) ~[eureka-client-1.10.16.jar:1.10.16]
	at com.netflix.discovery.shared.transport.decorator.EurekaHttpClientDecorator.cancel(EurekaHttpClientDecorator.java:71) ~[eureka-client-1.10.16.jar:1.10.16]
	at com.netflix.discovery.DiscoveryClient.unregister(DiscoveryClient.java:972) ~[eureka-client-1.10.16.jar:1.10.16]
	at com.netflix.discovery.DiscoveryClient.shutdown(DiscoveryClient.java:948) ~[eureka-client-1.10.16.jar:1.10.16]
	at java.base/jdk.internal.reflect.NativeMethodAccessorImpl.invoke0(Native Method) ~[na:na]
	at java.base/jdk.internal.reflect.NativeMethodAccessorImpl.invoke(NativeMethodAccessorImpl.java:77) ~[na:na]
	at java.base/jdk.internal.reflect.DelegatingMethodAccessorImpl.invoke(DelegatingMethodAccessorImpl.java:43) ~[na:na]
	at java.base/java.lang.reflect.Method.invoke(Method.java:569) ~[na:na]
	at org.springframework.beans.factory.annotation.InitDestroyAnnotationBeanPostProcessor$LifecycleElement.invoke(InitDestroyAnnotationBeanPostProcessor.java:389) ~[spring-beans-5.3.13.jar:5.3.13]
	at org.springframework.beans.factory.annotation.InitDestroyAnnotationBeanPostProcessor$LifecycleMetadata.invokeDestroyMethods(InitDestroyAnnotationBeanPostProcessor.java:347) ~[spring-beans-5.3.13.jar:5.3.13]
	at org.springframework.beans.factory.annotation.InitDestroyAnnotationBeanPostProcessor.postProcessBeforeDestruction(InitDestroyAnnotationBeanPostProcessor.java:177) ~[spring-beans-5.3.13.jar:5.3.13]
	at org.springframework.beans.factory.support.DisposableBeanAdapter.destroy(DisposableBeanAdapter.java:196) ~[spring-beans-5.3.13.jar:5.3.13]
	at org.springframework.beans.factory.support.DisposableBeanAdapter.run(DisposableBeanAdapter.java:189) ~[spring-beans-5.3.13.jar:5.3.13]
	at org.springframework.cloud.context.scope.GenericScope$BeanLifecycleWrapper.destroy(GenericScope.java:390) ~[spring-cloud-context-3.0.4.jar:3.0.4]
	at org.springframework.cloud.context.scope.GenericScope.destroy(GenericScope.java:136) ~[spring-cloud-context-3.0.4.jar:3.0.4]
	at org.springframework.beans.factory.support.DisposableBeanAdapter.destroy(DisposableBeanAdapter.java:212) ~[spring-beans-5.3.13.jar:5.3.13]
	at org.springframework.beans.factory.support.DefaultSingletonBeanRegistry.destroyBean(DefaultSingletonBeanRegistry.java:587) ~[spring-beans-5.3.13.jar:5.3.13]
	at org.springframework.beans.factory.support.DefaultSingletonBeanRegistry.destroySingleton(DefaultSingletonBeanRegistry.java:559) ~[spring-beans-5.3.13.jar:5.3.13]
	at org.springframework.beans.factory.support.DefaultListableBeanFactory.destroySingleton(DefaultListableBeanFactory.java:1152) ~[spring-beans-5.3.13.jar:5.3.13]
	at org.springframework.beans.factory.support.DefaultSingletonBeanRegistry.destroySingletons(DefaultSingletonBeanRegistry.java:520) ~[spring-beans-5.3.13.jar:5.3.13]
	at org.springframework.beans.factory.support.DefaultListableBeanFactory.destroySingletons(DefaultListableBeanFactory.java:1145) ~[spring-beans-5.3.13.jar:5.3.13]
	at org.springframework.context.support.AbstractApplicationContext.destroyBeans(AbstractApplicationContext.java:1106) ~[spring-context-5.3.13.jar:5.3.13]
	at org.springframework.context.support.AbstractApplicationContext.doClose(AbstractApplicationContext.java:1075) ~[spring-context-5.3.13.jar:5.3.13]
	at org.springframework.boot.web.reactive.context.ReactiveWebServerApplicationContext.doClose(ReactiveWebServerApplicationContext.java:147) ~[spring-boot-2.5.7.jar:2.5.7]
	at org.springframework.context.support.AbstractApplicationContext.close(AbstractApplicationContext.java:1021) ~[spring-context-5.3.13.jar:5.3.13]
	at org.springframework.boot.SpringApplicationShutdownHook.closeAndWait(SpringApplicationShutdownHook.java:137) ~[spring-boot-2.5.7.jar:2.5.7]
	at java.base/java.lang.Iterable.forEach(Iterable.java:75) ~[na:na]
	at org.springframework.boot.SpringApplicationShutdownHook.run(SpringApplicationShutdownHook.java:106) ~[spring-boot-2.5.7.jar:2.5.7]
	at java.base/java.lang.Thread.run(Thread.java:840) ~[na:na]

2025-11-04 20:17:48.353  INFO [API-GATEWAY,,] 109980 --- [ionShutdownHook] com.netflix.discovery.DiscoveryClient    : Completed shut down of DiscoveryClient
