[INFO] Scanning for projects...
[WARNING] 
[WARNING] Some problems were encountered while building the effective model for com.selimhorri:favourite-service:jar:0.1.0
[WARNING] 'dependencies.dependency.(groupId:artifactId:type:classifier)' must be unique: org.springframework.boot:spring-boot-starter-test:jar -> duplicate declaration of version (?) @ com.selimhorri:ecommerce-microservice-backend:0.1.0, /home/danna/Desktop/2.Ingesoft/ecommerce-microservice-backend-app/pom.xml, line 69, column 15
[WARNING] 
[WARNING] It is highly recommended to fix these problems because they threaten the stability of your build.
[WARNING] 
[WARNING] For this reason, future Maven versions might no longer support building such malformed projects.
[WARNING] 
[INFO] 
[INFO] ------------------< com.selimhorri:favourite-service >------------------
[INFO] Building favourite-service 0.1.0
[INFO] --------------------------------[ jar ]---------------------------------
[INFO] 
[INFO] >>> spring-boot-maven-plugin:2.5.7:run (default-cli) > test-compile @ favourite-service >>>
[INFO] 
[INFO] --- maven-resources-plugin:3.2.0:resources (default-resources) @ favourite-service ---
[INFO] Using 'UTF-8' encoding to copy filtered resources.
[INFO] Using 'UTF-8' encoding to copy filtered properties files.
[INFO] Copying 4 resources
[INFO] Copying 2 resources
[INFO] 
[INFO] --- maven-compiler-plugin:3.8.1:compile (default-compile) @ favourite-service ---
[INFO] Nothing to compile - all classes are up to date
[INFO] 
[INFO] --- maven-resources-plugin:3.2.0:testResources (default-testResources) @ favourite-service ---
[INFO] Using 'UTF-8' encoding to copy filtered resources.
[INFO] Using 'UTF-8' encoding to copy filtered properties files.
[INFO] skip non existing resourceDirectory /home/danna/Desktop/2.Ingesoft/ecommerce-microservice-backend-app/favourite-service/src/test/resources
[INFO] 
[INFO] --- maven-compiler-plugin:3.8.1:testCompile (default-testCompile) @ favourite-service ---
[INFO] Nothing to compile - all classes are up to date
[INFO] 
[INFO] <<< spring-boot-maven-plugin:2.5.7:run (default-cli) < test-compile @ favourite-service <<<
[INFO] 
[INFO] 
[INFO] --- spring-boot-maven-plugin:2.5.7:run (default-cli) @ favourite-service ---
[INFO] Attaching agents: []
